#
# An unexpected error has been detected by Java Runtime Environment:
#
#  EXCEPTION_ACCESS_VIOLATION (0xc0000005) at pc=0x77be9c21, pid=6812, tid=5208
#
# Java VM: Java HotSpot(TM) Client VM (10.0-b19 mixed mode windows-x86)
# Problematic frame:
# C  [ntdll.dll+0x59c21]
#
# If you would like to submit a bug report, please visit:
#   http://java.sun.com/webapps/bugreport/crash.jsp
# The crash happened outside the Java Virtual Machine in native code.
# See problematic frame for where to report the bug.
#

---------------  T H R E A D  ---------------

Current thread (0x02b8dc00):  JavaThread "main" [_thread_in_native, id=5208, stack(0x00430000,0x00c30000)]

siginfo: ExceptionCode=0xc0000005, reading address 0xffffffff

Registers:
EAX=0xfffffff8, EBX=0x00000000, ECX=0x00000008, EDX=0x00001458
ESP=0x00c29aa4, EBP=0x00c29aac, ESI=0x02b80000, EDI=0x00c29c4c
EIP=0x77be9c21, EFLAGS=0x00010282

Top of Stack: (sp=0x00c29aa4)
0x00c29aa4:   7937e64c 793bd27c 00c29af8 02e820d6
0x00c29ab4:   02b80000 00000000 00000000 00c29c4c
0x00c29ac4:   793bd27c 7937e64c 00000075 00c29c4c
0x00c29ad4:   02ecb348 0000001f 00000001 00c29ac0
0x00c29ae4:   00c2954c 00c29b24 02e8240d 02eba368
0x00c29af4:   ffffffff 00c29b34 02e8c0b4 00000000
0x00c29b04:   00c29c4c 00000003 7937e64c 00ff0148
0x00c29b14:   00ff0048 00000004 00c29b04 00c2954c 

Instructions: (pc=0x77be9c21)
0x77be9c11:   02 00 8b 45 10 a8 07 0f 85 ef f7 02 00 83 c0 f8
0x77be9c21:   80 78 07 05 0f 84 cb f7 02 00 f6 40 07 3f 0f 84 


Stack: [0x00430000,0x00c30000],  sp=0x00c29aa4,  free space=8166k
Native frames: (J=compiled Java code, j=interpreted, Vv=VM code, C=native code)
C  [ntdll.dll+0x59c21]
C  [MSVCR71.dll+0x20d6]
C  [MSVCR71.dll+0xc0b4]
V  [jvm.dll+0x1c4154]

Java frames: (J=compiled Java code, j=interpreted, Vv=VM code)
v  ~BufferBlob::Interpreter
v  ~BufferBlob::Interpreter
v  ~BufferBlob::Interpreter
v  ~BufferBlob::Interpreter
v  ~BufferBlob::Interpreter
v  ~BufferBlob::Interpreter
v  ~BufferBlob::StubRoutines (1)

---------------  P R O C E S S  ---------------

Java Threads: ( => current thread )
  0x0d90ec00 JavaThread "Active Reference Queue Daemon" daemon [_thread_blocked, id=5704, stack(0x050a0000,0x05120000)]
  0x0d90d000 JavaThread "Timer-39" daemon [_thread_blocked, id=4616, stack(0x05020000,0x050a0000)]
  0x0d90e800 JavaThread "Prefs Updater" [_thread_blocked, id=5516, stack(0x0b600000,0x0b680000)]
  0x0d90dc00 JavaThread "Timer-26" daemon [_thread_blocked, id=5544, stack(0x0b500000,0x0b580000)]
  0x0d935c00 JavaThread "Timer-1" [_thread_blocked, id=1908, stack(0x0cb60000,0x0cbe0000)]
  0x0aa9b800 JavaThread "TimerQueue" daemon [_thread_blocked, id=4988, stack(0x0ca60000,0x0cae0000)]
  0x0c7bb400 JavaThread "AWT-EventQueue-0" [_thread_blocked, id=5344, stack(0x0ded0000,0x0df50000)]
  0x0c7bac00 JavaThread "AWT-Shutdown" [_thread_blocked, id=3648, stack(0x0de50000,0x0ded0000)]
  0x0c8fb800 JavaThread "AWT-Windows" daemon [_thread_in_native, id=764, stack(0x0cae0000,0x0cb60000)]
  0x0c8fb000 JavaThread "Java2D Disposer" daemon [_thread_blocked, id=5992, stack(0x0c9e0000,0x0ca60000)]
  0x0a8f2c00 JavaThread "Timer-0" [_thread_blocked, id=1580, stack(0x0aaa0000,0x0ab20000)]
  0x0a8c3000 JavaThread "JMI Unnamed Thread" [_thread_in_native, id=4328, stack(0x03c00000,0x04400000)]
  0x04cc6000 JavaThread "Low Memory Detector" daemon [_thread_blocked, id=4636, stack(0x0a020000,0x0a0a0000)]
  0x04cc1400 JavaThread "CompilerThread0" daemon [_thread_blocked, id=4584, stack(0x09820000,0x0a020000)]
  0x04cb8c00 JavaThread "Attach Listener" daemon [_thread_blocked, id=8160, stack(0x04ef0000,0x04f70000)]
  0x04ca1400 JavaThread "Finalizer" daemon [_thread_blocked, id=8176, stack(0x04e70000,0x04ef0000)]
  0x04c9d000 JavaThread "Reference Handler" daemon [_thread_blocked, id=6364, stack(0x04df0000,0x04e70000)]
=>0x02b8dc00 JavaThread "main" [_thread_in_native, id=5208, stack(0x00430000,0x00c30000)]

Other Threads:
  0x04c98c00 VMThread [stack: 0x09020000,0x09820000] [id=3880]
  0x04cd8400 WatcherThread [stack: 0x0a0a0000,0x0a8a0000] [id=1780]

VM state:not at safepoint (normal execution)

VM Mutex/Monitor currently owned by a thread: None

Heap
 def new generation   total 29504K, used 23988K [0x10010000, 0x12010000, 0x12010000)
  eden space 26240K,  85% used [0x10010000, 0x11607838, 0x119b0000)
  from space 3264K,  45% used [0x11ce0000, 0x11e55b48, 0x12010000)
  to   space 3264K,   0% used [0x119b0000, 0x119b0000, 0x11ce0000)
 tenured generation   total 98304K, used 57507K [0x12010000, 0x18010000, 0x18010000)
   the space 98304K,  58% used [0x12010000, 0x15838d20, 0x15838e00, 0x18010000)
 compacting perm gen  total 33024K, used 32977K [0x18010000, 0x1a050000, 0x1c010000)
   the space 33024K,  99% used [0x18010000, 0x1a044408, 0x1a044600, 0x1a050000)
No shared spaces configured.

Dynamic libraries:
0x00400000 - 0x0042f000 	F:\NetApps\matlab\R2009a\bin\win32\MATLAB.exe
0x77b90000 - 0x77ccc000 	C:\Windows\SYSTEM32\ntdll.dll
0x76a50000 - 0x76b24000 	C:\Windows\system32\kernel32.dll
0x75ec0000 - 0x75f0b000 	C:\Windows\system32\KERNELBASE.dll
0x7b280000 - 0x7b34a000 	F:\NetApps\matlab\R2009a\bin\win32\libut.dll
0x75f30000 - 0x75f5a000 	C:\Windows\system32\imagehlp.dll
0x76920000 - 0x769cc000 	C:\Windows\system32\msvcrt.dll
0x75f60000 - 0x76000000 	C:\Windows\system32\ADVAPI32.dll
0x77da0000 - 0x77db9000 	C:\Windows\SYSTEM32\sechost.dll
0x76c90000 - 0x76d32000 	C:\Windows\system32\RPCRT4.dll
0x77ce0000 - 0x77ce5000 	C:\Windows\system32\PSAPI.DLL
0x7bba0000 - 0x7bbbf000 	F:\NetApps\matlab\R2009a\bin\win32\LIBEXPAT.dll
0x70060000 - 0x700fb000 	C:\Windows\WinSxS\x86_microsoft.vc80.crt_1fc8b3b9a1e18e3b_8.0.50727.6195_none_d09154e044272b9a\MSVCR80.dll
0x7b6b0000 - 0x7b791000 	F:\NetApps\matlab\R2009a\bin\win32\icuuc38.dll
0x7ad90000 - 0x7ad94000 	F:\NetApps\matlab\R2009a\bin\win32\icudt38.dll
0x7ada0000 - 0x7adac000 	F:\NetApps\matlab\R2009a\bin\win32\icuio38.dll
0x7afe0000 - 0x7b0c4000 	F:\NetApps\matlab\R2009a\bin\win32\icuin38.dll
0x6ffd0000 - 0x70057000 	C:\Windows\WinSxS\x86_microsoft.vc80.crt_1fc8b3b9a1e18e3b_8.0.50727.6195_none_d09154e044272b9a\MSVCP80.dll
0x76d40000 - 0x76e09000 	C:\Windows\system32\USER32.dll
0x77cf0000 - 0x77d3e000 	C:\Windows\system32\GDI32.dll
0x76020000 - 0x7602a000 	C:\Windows\system32\LPK.dll
0x76ea0000 - 0x76f3d000 	C:\Windows\system32\USP10.dll
0x782e0000 - 0x78317000 	F:\NetApps\matlab\R2009a\bin\win32\libmwfl.dll
0x10000000 - 0x1000e000 	F:\NetApps\matlab\R2009a\bin\win32\boost_date_time-vc80-mt-1_36.dll
0x00130000 - 0x00140000 	F:\NetApps\matlab\R2009a\bin\win32\boost_signals-vc80-mt-1_36.dll
0x00150000 - 0x00157000 	F:\NetApps\matlab\R2009a\bin\win32\boost_system-vc80-mt-1_36.dll
0x00170000 - 0x0017c000 	F:\NetApps\matlab\R2009a\bin\win32\boost_thread-vc80-mt-1_36.dll
0x7b3b0000 - 0x7b59a000 	F:\NetApps\matlab\R2009a\bin\win32\libmwservices.dll
0x7b350000 - 0x7b3aa000 	F:\NetApps\matlab\R2009a\bin\win32\libmx.dll
0x787a0000 - 0x787b3000 	F:\NetApps\matlab\R2009a\bin\win32\zlib1.dll
0x7b5a0000 - 0x7b6af000 	F:\NetApps\matlab\R2009a\bin\win32\libmwmathutil.dll
0x79510000 - 0x79543000 	F:\NetApps\matlab\R2009a\bin\win32\mpath.dll
0x6fef0000 - 0x6ff1f000 	F:\NetApps\matlab\R2009a\bin\win32\mlutil.dll
0x001e0000 - 0x00219000 	F:\NetApps\matlab\R2009a\bin\win32\tbb.dll
0x710a0000 - 0x71124000 	C:\Windows\WinSxS\x86_microsoft.windows.common-controls_6595b64144ccf1df_5.82.7601.18201_none_ec80f00e8593ece5\COMCTL32.dll
0x769d0000 - 0x76a4b000 	C:\Windows\system32\comdlg32.dll
0x76500000 - 0x76557000 	C:\Windows\system32\SHLWAPI.dll
0x76f40000 - 0x77b8a000 	C:\Windows\system32\SHELL32.dll
0x73ed0000 - 0x73ee1000 	C:\Windows\system32\NETAPI32.dll
0x753d0000 - 0x753d9000 	C:\Windows\system32\netutils.dll
0x75910000 - 0x75929000 	C:\Windows\system32\srvcli.dll
0x73ec0000 - 0x73ecf000 	C:\Windows\system32\wkscli.dll
0x76320000 - 0x76355000 	C:\Windows\system32\WS2_32.dll
0x77cd0000 - 0x77cd6000 	C:\Windows\system32\NSI.dll
0x79a80000 - 0x79ad3000 	F:\NetApps\matlab\R2009a\bin\win32\mcr.dll
0x7adb0000 - 0x7adeb000 	F:\NetApps\matlab\R2009a\bin\win32\iqm.dll
0x7a080000 - 0x7a558000 	F:\NetApps\matlab\R2009a\bin\win32\m_interpreter.dll
0x7ae00000 - 0x7ae0c000 	F:\NetApps\matlab\R2009a\bin\win32\libmex.dll
0x79960000 - 0x799b7000 	F:\NetApps\matlab\R2009a\bin\win32\m_dispatcher.dll
0x78670000 - 0x7868c000 	F:\NetApps\matlab\R2009a\bin\win32\datasvcs.dll
0x78df0000 - 0x78fb2000 	F:\NetApps\matlab\R2009a\bin\win32\xerces-c_2_7.dll
0x00c30000 - 0x00ccd000 	F:\NetApps\matlab\R2009a\bin\win32\boost_regex-vc80-mt-1_36.dll
0x79870000 - 0x798c7000 	F:\NetApps\matlab\R2009a\bin\win32\profiler.dll
0x7ae60000 - 0x7ae7e000 	F:\NetApps\matlab\R2009a\bin\win32\libmwmathrng.dll
0x78720000 - 0x78732000 	F:\NetApps\matlab\R2009a\bin\win32\m_pcodeio.dll
0x794d0000 - 0x79507000 	F:\NetApps\matlab\R2009a\bin\win32\m_ir.dll
0x79b60000 - 0x7a077000 	F:\NetApps\matlab\R2009a\bin\win32\m_parser.dll
0x7adf0000 - 0x7adfe000 	F:\NetApps\matlab\R2009a\bin\win32\ir_xfmr.dll
0x78320000 - 0x78468000 	F:\NetApps\matlab\R2009a\bin\win32\mcos.dll
0x7aea0000 - 0x7aeaa000 	F:\NetApps\matlab\R2009a\bin\win32\mtok.dll
0x78700000 - 0x78716000 	F:\NetApps\matlab\R2009a\bin\win32\m_pcodegen.dll
0x78650000 - 0x7866b000 	F:\NetApps\matlab\R2009a\bin\win32\bridge.dll
0x7aae0000 - 0x7ab64000 	F:\NetApps\matlab\R2009a\bin\win32\udd.dll
0x7b7a0000 - 0x7b89b000 	F:\NetApps\matlab\R2009a\bin\win32\libmwgui.dll
0x78800000 - 0x789f1000 	F:\NetApps\matlab\R2009a\bin\win32\hg.dll
0x78690000 - 0x786b2000 	F:\NetApps\matlab\R2009a\bin\win32\libmat.dll
0x7b0d0000 - 0x7b275000 	F:\NetApps\matlab\R2009a\bin\win32\libhdf5.dll
0x793e0000 - 0x7941e000 	F:\NetApps\matlab\R2009a\bin\win32\jmi.dll
0x790f0000 - 0x7911c000 	F:\NetApps\matlab\R2009a\bin\win32\libmwhardcopy.dll
0x79490000 - 0x794c7000 	F:\NetApps\matlab\R2009a\bin\win32\libuij.dll
0x78d50000 - 0x78de5000 	F:\NetApps\matlab\R2009a\bin\win32\libmwmathlinalg.dll
0x78a60000 - 0x78d42000 	F:\NetApps\matlab\R2009a\bin\win32\libmwmathelem.dll
0x78a00000 - 0x78a52000 	F:\NetApps\matlab\R2009a\bin\win32\libmwmathcore.dll
0x798d0000 - 0x79917000 	F:\NetApps\matlab\R2009a\bin\win32\libmwcholmod.dll
0x7ae10000 - 0x7ae1a000 	F:\NetApps\matlab\R2009a\bin\win32\libmwamd.dll
0x7ae40000 - 0x7ae49000 	F:\NetApps\matlab\R2009a\bin\win32\libmwcolamd.dll
0x7ae30000 - 0x7ae3d000 	F:\NetApps\matlab\R2009a\bin\win32\libmwblas.dll
0x7ae20000 - 0x7ae2c000 	F:\NetApps\matlab\R2009a\bin\win32\libmwbinder.dll
0x786c0000 - 0x786f8000 	F:\NetApps\matlab\R2009a\bin\win32\libmwlapack.dll
0x6feb0000 - 0x6fee5000 	F:\NetApps\matlab\R2009a\bin\win32\libmwrookfastbp.dll
0x79120000 - 0x7915c000 	F:\NetApps\matlab\R2009a\bin\win32\libmwma57.dll
0x7aef0000 - 0x7afd9000 	F:\NetApps\matlab\R2009a\bin\win32\libifcoremd.dll
0x79550000 - 0x79813000 	F:\NetApps\matlab\R2009a\bin\win32\libmmd.dll
0x7ae50000 - 0x7ae5c000 	F:\NetApps\matlab\R2009a\bin\win32\libmwcsparse.dll
0x79a20000 - 0x79a73000 	F:\NetApps\matlab\R2009a\bin\win32\libmwumfpack.dll
0x00e60000 - 0x00f07000 	F:\NetApps\matlab\R2009a\bin\win32\hgdatatypes.dll
0x7ab70000 - 0x7ad89000 	F:\NetApps\matlab\R2009a\bin\win32\uiw.dll
0x7aee0000 - 0x7aee9000 	F:\NetApps\matlab\R2009a\bin\win32\uinone.dll
0x63be0000 - 0x63cef000 	C:\Windows\WinSxS\x86_microsoft.vc80.mfc_1fc8b3b9a1e18e3b_8.0.50727.6195_none_cbf5e994470a1a8f\MFC80.DLL
0x74da0000 - 0x74df1000 	C:\Windows\system32\WINSPOOL.DRV
0x76b30000 - 0x76c8c000 	C:\Windows\system32\ole32.dll
0x76e10000 - 0x76e9f000 	C:\Windows\system32\OLEAUT32.dll
0x79ae0000 - 0x79b55000 	F:\NetApps\matlab\R2009a\bin\win32\udd_mi.dll
0x78740000 - 0x78753000 	F:\NetApps\matlab\R2009a\bin\win32\mwoles05.DLL
0x79820000 - 0x79864000 	F:\NetApps\matlab\R2009a\bin\win32\comcli.dll
0x69d30000 - 0x69d4b000 	C:\Windows\WinSxS\x86_microsoft.vc80.atl_1fc8b3b9a1e18e3b_8.0.50727.6195_none_d1cb102c435421de\ATL80.DLL
0x7ae90000 - 0x7ae9b000 	F:\NetApps\matlab\R2009a\bin\win32\mlautoregister.dll
0x76000000 - 0x7601f000 	C:\Windows\system32\IMM32.DLL
0x76560000 - 0x7662c000 	C:\Windows\system32\MSCTF.dll
0x69500000 - 0x6950e000 	C:\Windows\WinSxS\x86_microsoft.vc80.mfcloc_1fc8b3b9a1e18e3b_8.0.50727.6195_none_03ce2c72205943d3\MFC80ENU.DLL
0x74730000 - 0x74770000 	C:\Windows\system32\uxtheme.dll
0x704e0000 - 0x70538000 	C:\Program Files\Common Files\microsoft shared\ink\tiptsf.dll
0x74ae0000 - 0x74ae9000 	C:\Windows\system32\version.dll
0x75bd0000 - 0x75bdb000 	C:\Windows\system32\profapi.dll
0x70700000 - 0x70703000 	C:\Windows\system32\icmp.Dll
0x72820000 - 0x7283c000 	C:\Windows\system32\iphlpapi.DLL
0x72800000 - 0x72807000 	C:\Windows\system32\WINNSI.DLL
0x75ae0000 - 0x75afb000 	C:\Windows\system32\SspiCli.dll
0x737a0000 - 0x737b0000 	C:\Windows\system32\NLAapi.dll
0x6ad70000 - 0x6ad80000 	C:\Windows\system32\napinsp.dll
0x6ad50000 - 0x6ad62000 	C:\Windows\system32\pnrpnsp.dll
0x75600000 - 0x7563c000 	C:\Windows\System32\mswsock.dll
0x754c0000 - 0x75504000 	C:\Windows\system32\DNSAPI.dll
0x6ad40000 - 0x6ad48000 	C:\Windows\System32\winrnr.dll
0x6ad30000 - 0x6ad3d000 	C:\Windows\system32\wshbth.dll
0x726d0000 - 0x72708000 	C:\Windows\System32\fwpuclnt.dll
0x704c0000 - 0x704c6000 	C:\Windows\system32\rasadhlp.dll
0x74ca0000 - 0x74ca5000 	C:\Windows\System32\wshtcpip.dll
0x72400000 - 0x72412000 	C:\Windows\system32\dhcpcsvc.DLL
0x72370000 - 0x7237d000 	C:\Windows\system32\dhcpcsvc6.DLL
0x75b50000 - 0x75b5c000 	C:\Windows\system32\CRYPTBASE.dll
0x76290000 - 0x76313000 	C:\Windows\system32\CLBCatQ.DLL
0x72d60000 - 0x72d96000 	C:\Program Files\WIDCOMM\Bluetooth Software\btmmhook.dll
0x74d60000 - 0x74d9c000 	C:\Windows\system32\oleacc.dll
0x79190000 - 0x793e0000 	F:\NetApps\matlab\R2009a\sys\java\jre\win32\jre\bin\client\jvm.dll
0x73f80000 - 0x73fb2000 	C:\Windows\system32\WINMM.dll
0x02e80000 - 0x02ed6000 	F:\NetApps\matlab\R2009a\bin\win32\MSVCR71.dll
0x75b00000 - 0x75b4c000 	C:\Windows\system32\apphelp.dll

VM Arguments:
jvm_args: -Xss512k -XX:PermSize=32m -Xms64m -XX:NewRatio=3 -XX:MaxPermSize=64m -Xmx128m -XX:MaxDirectMemorySize=1200000000 -Dsun.java2d.noddraw=true -Dsun.awt.nopixfmt=true -Xshare:off -Xrs -Djava.library.path=F:\NetApps\matlab\R2009a\bin\win32 vfprintf abort 
java_command: <unknown>
Launcher Type: generic

Environment Variables:
PATH=C:\watcom-1.3\binnt;C:\watcom-1.3\binw;C:\Program Files\Common Files\Intel\Shared Libraries\redist\ia32\compiler;C:\Program Files\AuthenTec TrueSuite\;C:\Program Files\AuthenTec TrueSuite\x64;C:\Program Files\Intel\iCLS Client\;C:\Windows\system32;C:\Windows;C:\Windows\System32\Wbem;C:\Windows\System32\WindowsPowerShell\v1.0\;C:\Program Files\Intel\OpenCL SDK\2.0\bin\x86;C:\Program Files\Intel\Intel(R) Management Engine Components\DAL;C:\Program Files\Intel\Intel(R) Management Engine Components\IPT;C:\Program Files\Intel\WiFi\bin\;C:\Program Files\Common Files\Intel\WirelessCommon\;C:\Program Files\WIDCOMM\Bluetooth Software\;C:\Program Files\Common Files\Roxio Shared\DLLShared\;C:\Program Files\Common Files\Roxio Shared\OEM\DLLShared\;C:\Program Files\Common Files\Roxio Shared\OEM\DLLShared\;C:\Program Files\Common Files\Roxio Shared\OEM\12.0\DLLShared\;C:\Program Files\Roxio 2010\OEM\AudioCore\;c:\Program Files\Microsoft SQL Server\100\Tools\Binn\;c:\Program Files\Microsoft SQL Server\100\DTS\Binn\
USERNAME=1976379
OS=Windows_NT
PROCESSOR_IDENTIFIER=x86 Family 6 Model 58 Stepping 9, GenuineIntel



---------------  S Y S T E M  ---------------

OS: Windows NT 6.1 Build 7601 Service Pack 1

CPU:total 4 (8 cores per cpu, 2 threads per core) family 6 model 10 stepping 9, cmov, cx8, fxsr, mmx, sse, sse2, sse3, ssse3, ht

Memory: 4k page, physical 3537444k(1389080k free), swap 4194303k(4194303k free)

vm_info: Java HotSpot(TM) Client VM (10.0-b19) for windows-x86 JRE (1.6.0_04-b12), built on Dec 14 2007 00:51:20 by "java_re" with MS VC++ 7.1

time: Thu Oct 10 13:41:03 2013
elapsed time: 2721 seconds

