#
# An unexpected error has been detected by Java Runtime Environment:
#
#  EXCEPTION_IN_PAGE_ERROR (0xc0000006) at pc=0x6df689b5, pid=8820, tid=3052
#
# Java VM: Java HotSpot(TM) Client VM (10.0-b19 mixed mode windows-x86)
# Problematic frame:
# C  [MSVCR80.dll+0x289b5]
#
# If you would like to submit a bug report, please visit:
#   http://java.sun.com/webapps/bugreport/crash.jsp
# The crash happened outside the Java Virtual Machine in native code.
# See problematic frame for where to report the bug.
#

---------------  T H R E A D  ---------------

Current thread (0x0486e000):  JavaThread "main" [_thread_in_native, id=3052, stack(0x00430000,0x00c30000)]

siginfo: ExceptionCode=0xc0000006, ExceptionInformation=0x00000000 0x7a40caec 0xc000020c 

Registers:
EAX=0x7a40caec, EBX=0x19930522, ECX=0x00c2a97c, EDX=0xc0000006
ESP=0x00c2a848, EBP=0x00c2a854, ESI=0x1fffffff, EDI=0xe06d7363
EIP=0x6df689b5, EFLAGS=0x00010202

Top of Stack: (sp=0x00c2a848)
0x00c2a848:   00000000 00000000 00000000 00c2a890
0x00c2a858:   6df68b11 00c2a97c 00c2b008 00c2a99c
0x00c2a868:   00c2a950 7a40caec 00000000 00000000
0x00c2a878:   00000000 00000000 00000000 00000000
0x00c2a888:   77cfe115 7a40caec 00c2a8b4 77d271f9
0x00c2a898:   00c2a97c 00c2b008 00c2a99c 00c2a950
0x00c2a8a8:   00c2ae1c 77d2720d 00c2b008 00c2a964
0x00c2a8b8:   77d271cb 00c2a97c 00c2b008 00c2a99c 

Instructions: (pc=0x6df689b5)
0x6df689a5:   75 20 8b 11 3b d7 74 1a 81 fa 26 00 00 80 74 12
0x6df689b5:   8b 10 23 d6 3b d3 72 0a f6 40 20 01 0f 85 93 00 


Stack: [0x00430000,0x00c30000],  sp=0x00c2a848,  free space=8170k
Native frames: (J=compiled Java code, j=interpreted, Vv=VM code, C=native code)
C  [MSVCR80.dll+0x289b5]
C  [MSVCR80.dll+0x28b11]
C  [ntdll.dll+0x471f9]
C  [ntdll.dll+0x471cb]
C  [ntdll.dll+0x47057]
C  [MSVCR80.dll+0x1a4b]
C  [m_dispatcher.dll+0x6dac]
C  [m_dispatcher.dll+0x6eb1]
C  [m_dispatcher.dll+0x3f6b]
C  [m_dispatcher.dll+0x6dac]
C  [m_dispatcher.dll+0x6eb1]
C  [m_interpreter.dll+0xa6fcd]
C  [m_interpreter.dll+0xa1da6]
C  [m_interpreter.dll+0x111f1]
C  0x787827b2
C  0x78782f32
C  0x787829ea
C  0x78786ebd
C  0x78786f83
v  ~BufferBlob::Interpreter
v  ~BufferBlob::Interpreter
v  ~BufferBlob::Interpreter
v  ~BufferBlob::Interpreter
v  ~BufferBlob::Interpreter
v  ~BufferBlob::Interpreter
v  ~BufferBlob::StubRoutines (1)

Java frames: (J=compiled Java code, j=interpreted, Vv=VM code)
v  ~BufferBlob::Interpreter
v  ~BufferBlob::Interpreter
v  ~BufferBlob::Interpreter
v  ~BufferBlob::Interpreter
v  ~BufferBlob::Interpreter
v  ~BufferBlob::Interpreter
v  ~BufferBlob::StubRoutines (1)

---------------  P R O C E S S  ---------------

Java Threads: ( => current thread )
  0x047d2800 JavaThread "Active Reference Queue Daemon" daemon [_thread_blocked, id=8728, stack(0x0bd00000,0x0bd80000)]
  0x047d2c00 JavaThread "Timer-51" daemon [_thread_blocked, id=5128, stack(0x0b6e0000,0x0b760000)]
  0x047d2000 JavaThread "Prefs Updater" [_thread_blocked, id=10196, stack(0x06e30000,0x06eb0000)]
  0x047d1400 JavaThread "Timer-34" daemon [_thread_blocked, id=8400, stack(0x0b9f0000,0x0ba70000)]
  0x0c7ec400 JavaThread "Timer-1" [_thread_blocked, id=8232, stack(0x0e9b0000,0x0ea30000)]
  0x0af36800 JavaThread "TimerQueue" daemon [_thread_blocked, id=8980, stack(0x0ce90000,0x0cf10000)]
  0x04740c00 JavaThread "AWT-EventQueue-0" [_thread_blocked, id=8684, stack(0x0cde0000,0x0ce60000)]
  0x0b3e7400 JavaThread "AWT-Shutdown" [_thread_blocked, id=4300, stack(0x0cd60000,0x0cde0000)]
  0x0b28fc00 JavaThread "AWT-Windows" daemon [_thread_in_native, id=6700, stack(0x0b760000,0x0b7e0000)]
  0x0b28f000 JavaThread "Java2D Disposer" daemon [_thread_blocked, id=3000, stack(0x0b660000,0x0b6e0000)]
  0x0af8b000 JavaThread "Timer-0" [_thread_blocked, id=8840, stack(0x0b120000,0x0b1a0000)]
  0x0af45000 JavaThread "JMI Unnamed Thread" [_thread_in_native, id=10204, stack(0x03f00000,0x04700000)]
  0x047c6400 JavaThread "Low Memory Detector" daemon [_thread_blocked, id=2792, stack(0x0a6a0000,0x0a720000)]
  0x047c1800 JavaThread "CompilerThread0" daemon [_thread_blocked, id=2188, stack(0x09ea0000,0x0a6a0000)]
  0x047b8c00 JavaThread "Attach Listener" daemon [_thread_blocked, id=6928, stack(0x09e20000,0x09ea0000)]
  0x047a1800 JavaThread "Finalizer" daemon [_thread_blocked, id=832, stack(0x09da0000,0x09e20000)]
  0x0479d400 JavaThread "Reference Handler" daemon [_thread_blocked, id=8560, stack(0x09d20000,0x09da0000)]
=>0x0486e000 JavaThread "main" [_thread_in_native, id=3052, stack(0x00430000,0x00c30000)]

Other Threads:
  0x04798c00 VMThread [stack: 0x09520000,0x09d20000] [id=8056]
  0x047d9800 WatcherThread [stack: 0x0a720000,0x0af20000] [id=2252]

VM state:not at safepoint (normal execution)

VM Mutex/Monitor currently owned by a thread: None

Heap
 def new generation   total 14784K, used 1095K [0x10010000, 0x11010000, 0x12010000)
  eden space 13184K,   3% used [0x10010000, 0x100874e0, 0x10cf0000)
  from space 1600K,  38% used [0x10e80000, 0x10f1a940, 0x11010000)
  to   space 1600K,   0% used [0x10cf0000, 0x10cf0000, 0x10e80000)
 tenured generation   total 49152K, used 32921K [0x12010000, 0x15010000, 0x18010000)
   the space 49152K,  66% used [0x12010000, 0x14036428, 0x14036600, 0x15010000)
 compacting perm gen  total 32768K, used 31130K [0x18010000, 0x1a010000, 0x1c010000)
   the space 32768K,  95% used [0x18010000, 0x19e768c0, 0x19e76a00, 0x1a010000)
No shared spaces configured.

Dynamic libraries:
0x00400000 - 0x0042f000 	F:\NetApps\matlab\R2009a\bin\win32\MATLAB.exe
0x77ce0000 - 0x77e1c000 	C:\Windows\SYSTEM32\ntdll.dll
0x77780000 - 0x77854000 	C:\Windows\system32\kernel32.dll
0x75fd0000 - 0x7601b000 	C:\Windows\system32\KERNELBASE.dll
0x7b280000 - 0x7b34a000 	F:\NetApps\matlab\R2009a\bin\win32\libut.dll
0x76ea0000 - 0x76ecb000 	C:\Windows\system32\imagehlp.dll
0x77860000 - 0x7790c000 	C:\Windows\system32\msvcrt.dll
0x779e0000 - 0x77a80000 	C:\Windows\system32\ADVAPI32.dll
0x77330000 - 0x77349000 	C:\Windows\SYSTEM32\sechost.dll
0x77e40000 - 0x77ee2000 	C:\Windows\system32\RPCRT4.dll
0x77e30000 - 0x77e35000 	C:\Windows\system32\PSAPI.DLL
0x7bba0000 - 0x7bbbf000 	F:\NetApps\matlab\R2009a\bin\win32\LIBEXPAT.dll
0x6df40000 - 0x6dfdb000 	C:\Windows\WinSxS\x86_microsoft.vc80.crt_1fc8b3b9a1e18e3b_8.0.50727.6229_none_d089f796442de10e\MSVCR80.dll
0x7b6b0000 - 0x7b791000 	F:\NetApps\matlab\R2009a\bin\win32\icuuc38.dll
0x7ad90000 - 0x7ad94000 	F:\NetApps\matlab\R2009a\bin\win32\icudt38.dll
0x7ada0000 - 0x7adac000 	F:\NetApps\matlab\R2009a\bin\win32\icuio38.dll
0x7afe0000 - 0x7b0c4000 	F:\NetApps\matlab\R2009a\bin\win32\icuin38.dll
0x74150000 - 0x741d7000 	C:\Windows\WinSxS\x86_microsoft.vc80.crt_1fc8b3b9a1e18e3b_8.0.50727.6229_none_d089f796442de10e\MSVCP80.dll
0x77910000 - 0x779d9000 	C:\Windows\system32\USER32.dll
0x770b0000 - 0x770fe000 	C:\Windows\system32\GDI32.dll
0x761e0000 - 0x761ea000 	C:\Windows\system32\LPK.dll
0x77a80000 - 0x77b1d000 	C:\Windows\system32\USP10.dll
0x782e0000 - 0x78317000 	F:\NetApps\matlab\R2009a\bin\win32\libmwfl.dll
0x10000000 - 0x1000e000 	F:\NetApps\matlab\R2009a\bin\win32\boost_date_time-vc80-mt-1_36.dll
0x00130000 - 0x00140000 	F:\NetApps\matlab\R2009a\bin\win32\boost_signals-vc80-mt-1_36.dll
0x00150000 - 0x00157000 	F:\NetApps\matlab\R2009a\bin\win32\boost_system-vc80-mt-1_36.dll
0x00170000 - 0x0017c000 	F:\NetApps\matlab\R2009a\bin\win32\boost_thread-vc80-mt-1_36.dll
0x7b3b0000 - 0x7b59a000 	F:\NetApps\matlab\R2009a\bin\win32\libmwservices.dll
0x7b350000 - 0x7b3aa000 	F:\NetApps\matlab\R2009a\bin\win32\libmx.dll
0x787a0000 - 0x787b3000 	F:\NetApps\matlab\R2009a\bin\win32\zlib1.dll
0x7b5a0000 - 0x7b6af000 	F:\NetApps\matlab\R2009a\bin\win32\libmwmathutil.dll
0x79510000 - 0x79543000 	F:\NetApps\matlab\R2009a\bin\win32\mpath.dll
0x6fef0000 - 0x6ff1f000 	F:\NetApps\matlab\R2009a\bin\win32\mlutil.dll
0x001e0000 - 0x00219000 	F:\NetApps\matlab\R2009a\bin\win32\tbb.dll
0x71b00000 - 0x71b84000 	C:\Windows\WinSxS\x86_microsoft.windows.common-controls_6595b64144ccf1df_5.82.7601.18201_none_ec80f00e8593ece5\COMCTL32.dll
0x77350000 - 0x773cb000 	C:\Windows\system32\comdlg32.dll
0x771a0000 - 0x771f7000 	C:\Windows\system32\SHLWAPI.dll
0x76250000 - 0x76e9a000 	C:\Windows\system32\SHELL32.dll
0x74200000 - 0x74211000 	C:\Windows\system32\NETAPI32.dll
0x75520000 - 0x75529000 	C:\Windows\system32\netutils.dll
0x75ba0000 - 0x75bb9000 	C:\Windows\system32\srvcli.dll
0x741f0000 - 0x741ff000 	C:\Windows\system32\wkscli.dll
0x77070000 - 0x770a5000 	C:\Windows\system32\WS2_32.dll
0x77e20000 - 0x77e26000 	C:\Windows\system32\NSI.dll
0x79a80000 - 0x79ad3000 	F:\NetApps\matlab\R2009a\bin\win32\mcr.dll
0x7adb0000 - 0x7adeb000 	F:\NetApps\matlab\R2009a\bin\win32\iqm.dll
0x7a080000 - 0x7a558000 	F:\NetApps\matlab\R2009a\bin\win32\m_interpreter.dll
0x7ae00000 - 0x7ae0c000 	F:\NetApps\matlab\R2009a\bin\win32\libmex.dll
0x79960000 - 0x799b7000 	F:\NetApps\matlab\R2009a\bin\win32\m_dispatcher.dll
0x78670000 - 0x7868c000 	F:\NetApps\matlab\R2009a\bin\win32\datasvcs.dll
0x78df0000 - 0x78fb2000 	F:\NetApps\matlab\R2009a\bin\win32\xerces-c_2_7.dll
0x00c30000 - 0x00ccd000 	F:\NetApps\matlab\R2009a\bin\win32\boost_regex-vc80-mt-1_36.dll
0x79870000 - 0x798c7000 	F:\NetApps\matlab\R2009a\bin\win32\profiler.dll
0x7ae60000 - 0x7ae7e000 	F:\NetApps\matlab\R2009a\bin\win32\libmwmathrng.dll
0x78720000 - 0x78732000 	F:\NetApps\matlab\R2009a\bin\win32\m_pcodeio.dll
0x794d0000 - 0x79507000 	F:\NetApps\matlab\R2009a\bin\win32\m_ir.dll
0x79b60000 - 0x7a077000 	F:\NetApps\matlab\R2009a\bin\win32\m_parser.dll
0x7adf0000 - 0x7adfe000 	F:\NetApps\matlab\R2009a\bin\win32\ir_xfmr.dll
0x78320000 - 0x78468000 	F:\NetApps\matlab\R2009a\bin\win32\mcos.dll
0x7aea0000 - 0x7aeaa000 	F:\NetApps\matlab\R2009a\bin\win32\mtok.dll
0x78700000 - 0x78716000 	F:\NetApps\matlab\R2009a\bin\win32\m_pcodegen.dll
0x78650000 - 0x7866b000 	F:\NetApps\matlab\R2009a\bin\win32\bridge.dll
0x7aae0000 - 0x7ab64000 	F:\NetApps\matlab\R2009a\bin\win32\udd.dll
0x7b7a0000 - 0x7b89b000 	F:\NetApps\matlab\R2009a\bin\win32\libmwgui.dll
0x78800000 - 0x789f1000 	F:\NetApps\matlab\R2009a\bin\win32\hg.dll
0x78690000 - 0x786b2000 	F:\NetApps\matlab\R2009a\bin\win32\libmat.dll
0x7b0d0000 - 0x7b275000 	F:\NetApps\matlab\R2009a\bin\win32\libhdf5.dll
0x793e0000 - 0x7941e000 	F:\NetApps\matlab\R2009a\bin\win32\jmi.dll
0x790f0000 - 0x7911c000 	F:\NetApps\matlab\R2009a\bin\win32\libmwhardcopy.dll
0x79490000 - 0x794c7000 	F:\NetApps\matlab\R2009a\bin\win32\libuij.dll
0x78d50000 - 0x78de5000 	F:\NetApps\matlab\R2009a\bin\win32\libmwmathlinalg.dll
0x78a60000 - 0x78d42000 	F:\NetApps\matlab\R2009a\bin\win32\libmwmathelem.dll
0x78a00000 - 0x78a52000 	F:\NetApps\matlab\R2009a\bin\win32\libmwmathcore.dll
0x798d0000 - 0x79917000 	F:\NetApps\matlab\R2009a\bin\win32\libmwcholmod.dll
0x7ae10000 - 0x7ae1a000 	F:\NetApps\matlab\R2009a\bin\win32\libmwamd.dll
0x7ae40000 - 0x7ae49000 	F:\NetApps\matlab\R2009a\bin\win32\libmwcolamd.dll
0x7ae30000 - 0x7ae3d000 	F:\NetApps\matlab\R2009a\bin\win32\libmwblas.dll
0x7ae20000 - 0x7ae2c000 	F:\NetApps\matlab\R2009a\bin\win32\libmwbinder.dll
0x786c0000 - 0x786f8000 	F:\NetApps\matlab\R2009a\bin\win32\libmwlapack.dll
0x6feb0000 - 0x6fee5000 	F:\NetApps\matlab\R2009a\bin\win32\libmwrookfastbp.dll
0x79120000 - 0x7915c000 	F:\NetApps\matlab\R2009a\bin\win32\libmwma57.dll
0x7aef0000 - 0x7afd9000 	F:\NetApps\matlab\R2009a\bin\win32\libifcoremd.dll
0x79550000 - 0x79813000 	F:\NetApps\matlab\R2009a\bin\win32\libmmd.dll
0x7ae50000 - 0x7ae5c000 	F:\NetApps\matlab\R2009a\bin\win32\libmwcsparse.dll
0x79a20000 - 0x79a73000 	F:\NetApps\matlab\R2009a\bin\win32\libmwumfpack.dll
0x00e60000 - 0x00f07000 	F:\NetApps\matlab\R2009a\bin\win32\hgdatatypes.dll
0x7ab70000 - 0x7ad89000 	F:\NetApps\matlab\R2009a\bin\win32\uiw.dll
0x7aee0000 - 0x7aee9000 	F:\NetApps\matlab\R2009a\bin\win32\uinone.dll
0x67200000 - 0x6730f000 	C:\Windows\WinSxS\x86_microsoft.vc80.mfc_1fc8b3b9a1e18e3b_8.0.50727.6195_none_cbf5e994470a1a8f\MFC80.DLL
0x74ef0000 - 0x74f41000 	C:\Windows\system32\WINSPOOL.DRV
0x76080000 - 0x761dc000 	C:\Windows\system32\ole32.dll
0x77100000 - 0x7718f000 	C:\Windows\system32\OLEAUT32.dll
0x79ae0000 - 0x79b55000 	F:\NetApps\matlab\R2009a\bin\win32\udd_mi.dll
0x78740000 - 0x78753000 	F:\NetApps\matlab\R2009a\bin\win32\mwoles05.DLL
0x79820000 - 0x79864000 	F:\NetApps\matlab\R2009a\bin\win32\comcli.dll
0x71730000 - 0x7174b000 	C:\Windows\WinSxS\x86_microsoft.vc80.atl_1fc8b3b9a1e18e3b_8.0.50727.6195_none_d1cb102c435421de\ATL80.DLL
0x7ae90000 - 0x7ae9b000 	F:\NetApps\matlab\R2009a\bin\win32\mlautoregister.dll
0x77ef0000 - 0x77f0f000 	C:\Windows\system32\IMM32.DLL
0x776b0000 - 0x7777c000 	C:\Windows\system32\MSCTF.dll
0x74330000 - 0x7433e000 	C:\Windows\WinSxS\x86_microsoft.vc80.mfcloc_1fc8b3b9a1e18e3b_8.0.50727.6195_none_03ce2c72205943d3\MFC80ENU.DLL
0x74a60000 - 0x74aa0000 	C:\Windows\system32\uxtheme.dll
0x69a10000 - 0x69a68000 	C:\Program Files\Common Files\microsoft shared\ink\tiptsf.dll
0x74d60000 - 0x74d69000 	C:\Windows\system32\version.dll
0x75d20000 - 0x75d2b000 	C:\Windows\system32\profapi.dll
0x70d60000 - 0x70d63000 	C:\Windows\system32\icmp.Dll
0x72c20000 - 0x72c3c000 	C:\Windows\system32\iphlpapi.DLL
0x72c00000 - 0x72c07000 	C:\Windows\system32\WINNSI.DLL
0x75c30000 - 0x75c4b000 	C:\Windows\system32\SspiCli.dll
0x73a10000 - 0x73a20000 	C:\Windows\system32\NLAapi.dll
0x6d590000 - 0x6d5a0000 	C:\Windows\system32\napinsp.dll
0x6d130000 - 0x6d142000 	C:\Windows\system32\pnrpnsp.dll
0x75740000 - 0x7577c000 	C:\Windows\System32\mswsock.dll
0x75610000 - 0x75654000 	C:\Windows\system32\DNSAPI.dll
0x6d120000 - 0x6d128000 	C:\Windows\System32\winrnr.dll
0x6d110000 - 0x6d11d000 	C:\Windows\system32\wshbth.dll
0x72920000 - 0x72958000 	C:\Windows\System32\fwpuclnt.dll
0x70c40000 - 0x70c46000 	C:\Windows\system32\rasadhlp.dll
0x74df0000 - 0x74df5000 	C:\Windows\System32\wshtcpip.dll
0x728f0000 - 0x72902000 	C:\Windows\system32\dhcpcsvc.DLL
0x728e0000 - 0x728ed000 	C:\Windows\system32\dhcpcsvc6.DLL
0x75c50000 - 0x75c5c000 	C:\Windows\system32\CRYPTBASE.dll
0x773d0000 - 0x77453000 	C:\Windows\system32\CLBCatQ.DLL
0x5ad10000 - 0x5ad46000 	C:\Program Files\WIDCOMM\Bluetooth Software\btmmhook.dll
0x74eb0000 - 0x74eec000 	C:\Windows\system32\oleacc.dll
0x79190000 - 0x793e0000 	F:\NetApps\matlab\R2009a\sys\java\jre\win32\jre\bin\client\jvm.dll
0x742b0000 - 0x742e2000 	C:\Windows\system32\WINMM.dll
0x6ffa0000 - 0x6fff6000 	F:\NetApps\matlab\R2009a\bin\win32\MSVCR71.dll
0x75cc0000 - 0x75d0c000 	C:\Windows\system32\apphelp.dll

VM Arguments:
jvm_args: -Xss512k -XX:PermSize=32m -Xms64m -XX:NewRatio=3 -XX:MaxPermSize=64m -Xmx128m -XX:MaxDirectMemorySize=1200000000 -Dsun.java2d.noddraw=true -Dsun.awt.nopixfmt=true -Xshare:off -Xrs -Djava.library.path=F:\NetApps\matlab\R2009a\bin\win32 vfprintf abort 
java_command: <unknown>
Launcher Type: generic

Environment Variables:
PATH=C:\watcom-1.3\binnt;C:\watcom-1.3\binw;C:\Program Files\Common Files\Intel\Shared Libraries\redist\ia32\compiler;C:\Program Files\AuthenTec TrueSuite\;C:\Program Files\AuthenTec TrueSuite\x64;C:\Program Files\Intel\iCLS Client\;C:\Windows\system32;C:\Windows;C:\Windows\System32\Wbem;C:\Windows\System32\WindowsPowerShell\v1.0\;C:\Program Files\Intel\OpenCL SDK\2.0\bin\x86;C:\Program Files\Intel\Intel(R) Management Engine Components\DAL;C:\Program Files\Intel\Intel(R) Management Engine Components\IPT;C:\Program Files\Intel\WiFi\bin\;C:\Program Files\Common Files\Intel\WirelessCommon\;C:\Program Files\WIDCOMM\Bluetooth Software\;C:\Program Files\Common Files\Roxio Shared\DLLShared\;C:\Program Files\Common Files\Roxio Shared\OEM\DLLShared\;C:\Program Files\Common Files\Roxio Shared\OEM\DLLShared\;C:\Program Files\Common Files\Roxio Shared\OEM\12.0\DLLShared\;C:\Program Files\Roxio 2010\OEM\AudioCore\;c:\Program Files\Microsoft SQL Server\100\Tools\Binn\VSShell\Common7\IDE\;c:\Program Files\Microsoft SQL Server\100\Tools\Binn\;c:\Program Files\Microsoft SQL Server\100\DTS\Binn\;C:\Users\1976379\AppData\Local\Smartbar\Application\;C:\Program Files\Windows Kits\8.1\Windows Performance Toolkit\;C:\Program Files\Microsoft SQL Server\110\Tools\Binn\
USERNAME=1976379
OS=Windows_NT
PROCESSOR_IDENTIFIER=x86 Family 6 Model 58 Stepping 9, GenuineIntel



---------------  S Y S T E M  ---------------

OS: Windows NT 6.1 Build 7601 Service Pack 1

CPU:total 4 (8 cores per cpu, 2 threads per core) family 6 model 10 stepping 9, cmov, cx8, fxsr, mmx, sse, sse2, sse3, ssse3, ht

Memory: 4k page, physical 3537444k(1354320k free), swap 4194303k(4194303k free)

vm_info: Java HotSpot(TM) Client VM (10.0-b19) for windows-x86 JRE (1.6.0_04-b12), built on Dec 14 2007 00:51:20 by "java_re" with MS VC++ 7.1

time: Wed Jan 29 15:42:14 2014
elapsed time: 24063 seconds

